<?xml version="1.0" encoding="UTF-8"?>
<testng-results ignored="0" total="3" passed="3" failed="0" skipped="0">
  <reporter-output>
  </reporter-output>
  <suite started-at="2026-03-15T08:30:41 EDT" name="Default suite" finished-at="2026-03-15T08:30:55 EDT" duration-ms="13681">
    <groups>
      <group name="cucumber">
        <method signature="AbstractTestNGCucumberTests.runScenario(io.cucumber.testng.PickleWrapper,io.cucumber.testng.FeatureWrapper)[pri:0, instance:testrunners.MyTestRunnerTestNg@3315d2d7]" name="runScenario" class="io.cucumber.testng.AbstractTestNGCucumberTests"/>
      </group> <!-- cucumber -->
    </groups>
    <test started-at="2026-03-15T08:30:41 EDT" name="Default test" finished-at="2026-03-15T08:30:55 EDT" duration-ms="13681">
      <class name="testrunners.MyTestRunnerTestNg">
        <test-method is-config="true" signature="beforeSuite()[pri:0, instance:testrunners.MyTestRunnerTestNg@3315d2d7]" started-at="2026-03-15T08:30:41 EDT" name="beforeSuite" finished-at="2026-03-15T08:30:41 EDT" duration-ms="3" status="PASS">
          <reporter-output>
          </reporter-output>
        </test-method> <!-- beforeSuite -->
        <test-method is-config="true" signature="setUpClass(org.testng.ITestContext)[pri:0, instance:testrunners.MyTestRunnerTestNg@3315d2d7]" started-at="2026-03-15T08:30:41 EDT" name="setUpClass" finished-at="2026-03-15T08:30:42 EDT" duration-ms="172" status="PASS">
          <params>
            <param index="0">
              <value>
                <![CDATA[org.testng.TestRunner@23a918c7]]>
              </value>
            </param>
          </params>
          <reporter-output>
          </reporter-output>
        </test-method> <!-- setUpClass -->
        <test-method is-config="true" signature="beforeClass(org.testng.ITestContext)[pri:0, instance:testrunners.MyTestRunnerTestNg@3315d2d7]" started-at="2026-03-15T08:30:42 EDT" name="beforeClass" finished-at="2026-03-15T08:30:42 EDT" duration-ms="0" status="PASS">
          <params>
            <param index="0">
              <value>
                <![CDATA[org.testng.TestRunner@23a918c7]]>
              </value>
            </param>
          </params>
          <reporter-output>
          </reporter-output>
        </test-method> <!-- beforeClass -->
        <test-method signature="runScenario(io.cucumber.testng.PickleWrapper,io.cucumber.testng.FeatureWrapper)[pri:0, instance:testrunners.MyTestRunnerTestNg@3315d2d7]" started-at="2026-03-15T08:30:42 EDT" name="runScenario" description="Runs Cucumber Scenarios" data-provider="scenarios" finished-at="2026-03-15T08:30:53 EDT" duration-ms="11459" status="PASS">
          <params>
            <param index="0">
              <value>
                <![CDATA["Verify title of the page"]]>
              </value>
            </param>
            <param index="1">
              <value>
                <![CDATA["To verify and validate  User  Register page"]]>
              </value>
            </param>
          </params>
          <reporter-output>
          </reporter-output>
        </test-method> <!-- runScenario -->
        <test-method signature="runScenario(io.cucumber.testng.PickleWrapper,io.cucumber.testng.FeatureWrapper)[pri:0, instance:testrunners.MyTestRunnerTestNg@3315d2d7]" started-at="2026-03-15T08:30:42 EDT" name="runScenario" description="Runs Cucumber Scenarios" data-provider="scenarios" finished-at="2026-03-15T08:30:54 EDT" duration-ms="12578" status="PASS">
          <params>
            <param index="0">
              <value>
                <![CDATA["Verify presence of Login link/button"]]>
              </value>
            </param>
            <param index="1">
              <value>
                <![CDATA["To verify and validate  User  Register page"]]>
              </value>
            </param>
          </params>
          <reporter-output>
          </reporter-output>
        </test-method> <!-- runScenario -->
        <test-method signature="runScenario(io.cucumber.testng.PickleWrapper,io.cucumber.testng.FeatureWrapper)[pri:0, instance:testrunners.MyTestRunnerTestNg@3315d2d7]" started-at="2026-03-15T08:30:42 EDT" name="runScenario" description="Runs Cucumber Scenarios" data-provider="scenarios" finished-at="2026-03-15T08:30:53 EDT" duration-ms="11481" status="PASS">
          <params>
            <param index="0">
              <value>
                <![CDATA["Verify presence of Register button"]]>
              </value>
            </param>
            <param index="1">
              <value>
                <![CDATA["To verify and validate  User  Register page"]]>
              </value>
            </param>
          </params>
          <reporter-output>
          </reporter-output>
        </test-method> <!-- runScenario -->
        <test-method is-config="true" signature="afterClass()[pri:0, instance:testrunners.MyTestRunnerTestNg@3315d2d7]" started-at="2026-03-15T08:30:54 EDT" name="afterClass" finished-at="2026-03-15T08:30:54 EDT" duration-ms="1" status="PASS">
          <reporter-output>
          </reporter-output>
        </test-method> <!-- afterClass -->
        <test-method is-config="true" signature="tearDownClass()[pri:0, instance:testrunners.MyTestRunnerTestNg@3315d2d7]" started-at="2026-03-15T08:30:54 EDT" name="tearDownClass" finished-at="2026-03-15T08:30:55 EDT" duration-ms="918" status="PASS">
          <reporter-output>
          </reporter-output>
        </test-method> <!-- tearDownClass -->
        <test-method is-config="true" signature="afterSuite()[pri:0, instance:testrunners.MyTestRunnerTestNg@3315d2d7]" started-at="2026-03-15T08:30:55 EDT" name="afterSuite" finished-at="2026-03-15T08:30:55 EDT" duration-ms="0" status="PASS">
          <reporter-output>
          </reporter-output>
        </test-method> <!-- afterSuite -->
      </class> <!-- testrunners.MyTestRunnerTestNg -->
    </test> <!-- Default test -->
  </suite> <!-- Default suite -->
</testng-results>
