<?xml version="1.0" encoding="UTF-8"?>
<!-- Generated by org.testng.reporters.JUnitReportReporter -->
<testsuite hostname="Anupams-MacBook-Air-2.local" failures="0" tests="3" name="testrunners.MyTestRunnerTestNg" time="35.518" errors="0" timestamp="2026-03-15T08:30:55 EDT" skipped="0">
  <testcase classname="testrunners.MyTestRunnerTestNg" name="runScenario" time="11.459"/>
  <testcase classname="testrunners.MyTestRunnerTestNg" name="runScenario" time="12.578"/>
  <testcase classname="testrunners.MyTestRunnerTestNg" name="runScenario" time="11.481"/>
</testsuite> <!-- testrunners.MyTestRunnerTestNg -->
